0 info it worked if it ends with ok
1 verbose cli [ '/usr/bin/nodejs', '/usr/bin/npm', 'run', 'demo' ]
2 info using npm@3.8.6
3 info using node@v6.0.0
4 verbose run-script [ 'predemo', 'demo', 'postdemo' ]
5 info lifecycle fl-playlist-widget@1.0.0~predemo: fl-playlist-widget@1.0.0
6 silly lifecycle fl-playlist-widget@1.0.0~predemo: no script for predemo, continuing
7 info lifecycle fl-playlist-widget@1.0.0~demo: fl-playlist-widget@1.0.0
8 verbose lifecycle fl-playlist-widget@1.0.0~demo: unsafe-perm in lifecycle true
9 verbose lifecycle fl-playlist-widget@1.0.0~demo: PATH: /usr/lib/node_modules/npm/bin/node-gyp-bin:/home/marcelo/Programs/FourLabs/Components/fl-playlist-widget/node_modules/.bin:/usr/bin:/home/marcelo/npm-global/bin:/usr/local/sbin:/usr/local/bin:/usr/sbin:/usr/bin:/sbin:/bin:/usr/games:/usr/local/games:/snap/bin
10 verbose lifecycle fl-playlist-widget@1.0.0~demo: CWD: /home/marcelo/Programs/FourLabs/Components/fl-playlist-widget
11 silly lifecycle fl-playlist-widget@1.0.0~demo: Args: [ '-c', 'gulp demo' ]
12 silly lifecycle fl-playlist-widget@1.0.0~demo: Returned: code: 1  signal: null
13 info lifecycle fl-playlist-widget@1.0.0~demo: Failed to exec demo script
14 verbose stack Error: fl-playlist-widget@1.0.0 demo: `gulp demo`
14 verbose stack Exit status 1
14 verbose stack     at EventEmitter.<anonymous> (/usr/lib/node_modules/npm/lib/utils/lifecycle.js:239:16)
14 verbose stack     at emitTwo (events.js:106:13)
14 verbose stack     at EventEmitter.emit (events.js:191:7)
14 verbose stack     at ChildProcess.<anonymous> (/usr/lib/node_modules/npm/lib/utils/spawn.js:24:14)
14 verbose stack     at emitTwo (events.js:106:13)
14 verbose stack     at ChildProcess.emit (events.js:191:7)
14 verbose stack     at maybeClose (internal/child_process.js:850:16)
14 verbose stack     at Process.ChildProcess._handle.onexit (internal/child_process.js:215:5)
15 verbose pkgid fl-playlist-widget@1.0.0
16 verbose cwd /home/marcelo/Programs/FourLabs/Components/fl-playlist-widget
17 error Linux 4.4.0-24-generic
18 error argv "/usr/bin/nodejs" "/usr/bin/npm" "run" "demo"
19 error node v6.0.0
20 error npm  v3.8.6
21 error code ELIFECYCLE
22 error fl-playlist-widget@1.0.0 demo: `gulp demo`
22 error Exit status 1
23 error Failed at the fl-playlist-widget@1.0.0 demo script 'gulp demo'.
23 error Make sure you have the latest version of node.js and npm installed.
23 error If you do, this is most likely a problem with the fl-playlist-widget package,
23 error not with npm itself.
23 error Tell the author that this fails on your system:
23 error     gulp demo
23 error You can get information on how to open an issue for this project with:
23 error     npm bugs fl-playlist-widget
23 error Or if that isn't available, you can get their info via:
23 error     npm owner ls fl-playlist-widget
23 error There is likely additional logging output above.
24 verbose exit [ 1, true ]
